A D/bugpoint////
A D/bugpoint-passes////
A D/clang////
A D/edis////
A D/gold////
A D/llc////
A D/lli////
A D/llvm-ar////
A D/llvm-as////
A D/llvm-bcanalyzer////
A D/llvm-config////
A D/llvm-cov////
A D/llvm-diff////
A D/llvm-dis////
A D/llvm-dwarfdump////
A D/llvm-extract////
A D/llvm-ld////
A D/llvm-link////
A D/llvm-mc////
A D/llvm-nm////
A D/llvm-objdump////
A D/llvm-prof////
A D/llvm-ranlib////
A D/llvm-rtdyld////
A D/llvm-shlib////
A D/llvm-size////
A D/llvm-stub////
A D/lto////
A D/macho-dump////
A D/opt////
